<?xml version="1.0" encoding="UTF-8"?>
<testsuite xmlns:xsi="http://www.w3.org/2001/XMLSchema-instance" xsi:noNamespaceSchemaLocation="https://maven.apache.org/surefire/maven-surefire-plugin/xsd/surefire-test-report-3.0.xsd" version="3.0" name="br.mg.dromagnoli.runners.RunnerTest" time="0.283" tests="13" errors="0" skipped="0" failures="0">
  <properties>
[...]
</properties>
  <testcase name="Deve alugar um filme com sucesso" classname="Alugar Filme" time="0.028">
    <system-out><![CDATA[@unitários
Feature: Alugar Filme
	Como um usuário
	Eu quero cadastrar aluguéis de filmes
	Para controlar preços e datas de entrega

  @unitários
  Scenario: Deve alugar um filme com sucesso &amp#27;[90m# src/test/resources/features/alugar_filme.feature:7&amp#27;[0m
    &amp#27;[32mGiven &amp#27;[0m&amp#27;[32mum filme&amp#27;[0m                           &amp#27;[90m# AlugarFilmeSteps.umFilme(DataTable)&amp#27;[0m
    &amp#27;[32mWhen &amp#27;[0m&amp#27;[32malugar&amp#27;[0m                              &amp#27;[90m# AlugarFilmeSteps.alugar()&amp#27;[0m
    &amp#27;[32mThen &amp#27;[0m&amp#27;[32mo preço do aluguel será R$&amp#27;[0m&amp#27;[32m&amp#27;[1m3&amp#27;[0m         &amp#27;[90m# AlugarFilmeSteps.oPreçoDoAluguelSeráR$(int)&amp#27;[0m
    &amp#27;[32mAnd &amp#27;[0m&amp#27;[32ma data de entrega será em &amp#27;[0m&amp#27;[32m&amp#27;[1m1&amp#27;[0m&amp#27;[32m dia&amp#27;[0m      &amp#27;[90m# AlugarFilmeSteps.aDataDeEntregaSeraEmDias(int)&amp#27;[0m
    &amp#27;[32mAnd &amp#27;[0m&amp#27;[32mo estoque do filme será &amp#27;[0m&amp#27;[32m&amp#27;[1m1&amp#27;[0m&amp#27;[32m unidade&amp#27;[0m    &amp#27;[90m# AlugarFilmeSteps.oEstoqueDoFilmeSeráUnidade(int)&amp#27;[0m
]]></system-out>
  </testcase>
  <testcase name="Não deve alugar filme sem estoque" classname="Alugar Filme" time="0.007">
    <system-out><![CDATA[
  @unitários
  Scenario: Não deve alugar filme sem estoque   &amp#27;[90m# src/test/resources/features/alugar_filme.feature:18&amp#27;[0m
    &amp#27;[32mGiven &amp#27;[0m&amp#27;[32mum filme com estoque de &amp#27;[0m&amp#27;[32m&amp#27;[1m0&amp#27;[0m&amp#27;[32m unidades&amp#27;[0m    &amp#27;[90m# AlugarFilmeSteps.umFilmeComEstoqueDeUnidades(int)&amp#27;[0m
    &amp#27;[32mWhen &amp#27;[0m&amp#27;[32malugar&amp#27;[0m                                 &amp#27;[90m# AlugarFilmeSteps.alugar()&amp#27;[0m
    &amp#27;[32mThen &amp#27;[0m&amp#27;[32mnão será possível por falta de estoque&amp#27;[0m &amp#27;[90m# AlugarFilmeSteps.não_será_possível_por_falta_de_estoque()&amp#27;[0m
    &amp#27;[32mAnd &amp#27;[0m&amp#27;[32mo estoque do filme será &amp#27;[0m&amp#27;[32m&amp#27;[1m0&amp#27;[0m&amp#27;[32m unidades&amp#27;[0m      &amp#27;[90m# AlugarFilmeSteps.oEstoqueDoFilmeSeráUnidade(int)&amp#27;[0m
]]></system-out>
  </testcase>
  <testcase name="Deve dar condiçoes conforme tipo de aluguel" classname="Alugar Filme" time="0.018">
    <system-out><![CDATA[
  Scenario Outline: Deve dar condiçoes conforme tipo de aluguel &amp#27;[90m# src/test/resources/features/alugar_filme.feature:24&amp#27;[0m
    &amp#27;[36mGiven um filme com estoque de 2 unidades&amp#27;[0m
    &amp#27;[36mAnd que o preço do aluguel seja R$<preco>&amp#27;[0m
    &amp#27;[36mAnd que o tipo do aluguel seja <tipo>&amp#27;[0m
    &amp#27;[36mWhen alugar&amp#27;[0m
    &amp#27;[36mThen o preço do aluguel será R$<valor>&amp#27;[0m
    &amp#27;[36mAnd a data de entrega será em <qtdDias> dias&amp#27;[0m
    &amp#27;[36mAnd a pontuação será de <pontuacao> pontos&amp#27;[0m

    Examples: 

  @unitários
  Scenario Outline: Deve dar condiçoes conforme tipo de aluguel &amp#27;[90m# src/test/resources/features/alugar_filme.feature:35&amp#27;[0m
    &amp#27;[32mGiven &amp#27;[0m&amp#27;[32mum filme com estoque de &amp#27;[0m&amp#27;[32m&amp#27;[1m2&amp#27;[0m&amp#27;[32m unidades&amp#27;[0m                    &amp#27;[90m# AlugarFilmeSteps.umFilmeComEstoqueDeUnidades(int)&amp#27;[0m
    &amp#27;[32mAnd &amp#27;[0m&amp#27;[32mque o preço do aluguel seja R$&amp#27;[0m&amp#27;[32m&amp#27;[1m4&amp#27;[0m                         &amp#27;[90m# AlugarFilmeSteps.queOPreçoDoAluguelSejaR$(int)&amp#27;[0m
    &amp#27;[32mAnd &amp#27;[0m&amp#27;[32mque o tipo do aluguel seja &amp#27;[0m&amp#27;[32m&amp#27;[1mextendido&amp#27;[0m                    &amp#27;[90m# AlugarFilmeSteps.queOTipoDoAluguelSeja(String)&amp#27;[0m
    &amp#27;[32mWhen &amp#27;[0m&amp#27;[32malugar&amp#27;[0m                                                 &amp#27;[90m# AlugarFilmeSteps.alugar()&amp#27;[0m
    &amp#27;[32mThen &amp#27;[0m&amp#27;[32mo preço do aluguel será R$&amp#27;[0m&amp#27;[32m&amp#27;[1m8&amp#27;[0m                            &amp#27;[90m# AlugarFilmeSteps.oPreçoDoAluguelSeráR$(int)&amp#27;[0m
    &amp#27;[32mAnd &amp#27;[0m&amp#27;[32ma data de entrega será em &amp#27;[0m&amp#27;[32m&amp#27;[1m3&amp#27;[0m&amp#27;[32m dias&amp#27;[0m                        &amp#27;[90m# AlugarFilmeSteps.aDataDeEntregaSeraEmDias(int)&amp#27;[0m
    &amp#27;[32mAnd &amp#27;[0m&amp#27;[32ma pontuação será de &amp#27;[0m&amp#27;[32m&amp#27;[1m2&amp#27;[0m&amp#27;[32m pontos&amp#27;[0m                            &amp#27;[90m# AlugarFilmeSteps.aPontuacaoSeraDePontos(int)&amp#27;[0m
]]></system-out>
  </testcase>
  <testcase name="Deve dar condiçoes conforme tipo de aluguel" classname="Alugar Filme" time="0.008">
    <system-out><![CDATA[
  @unitários
  Scenario Outline: Deve dar condiçoes conforme tipo de aluguel &amp#27;[90m# src/test/resources/features/alugar_filme.feature:36&amp#27;[0m
    &amp#27;[32mGiven &amp#27;[0m&amp#27;[32mum filme com estoque de &amp#27;[0m&amp#27;[32m&amp#27;[1m2&amp#27;[0m&amp#27;[32m unidades&amp#27;[0m                    &amp#27;[90m# AlugarFilmeSteps.umFilmeComEstoqueDeUnidades(int)&amp#27;[0m
    &amp#27;[32mAnd &amp#27;[0m&amp#27;[32mque o preço do aluguel seja R$&amp#27;[0m&amp#27;[32m&amp#27;[1m4&amp#27;[0m                         &amp#27;[90m# AlugarFilmeSteps.queOPreçoDoAluguelSejaR$(int)&amp#27;[0m
    &amp#27;[32mAnd &amp#27;[0m&amp#27;[32mque o tipo do aluguel seja &amp#27;[0m&amp#27;[32m&amp#27;[1mcomum&amp#27;[0m                        &amp#27;[90m# AlugarFilmeSteps.queOTipoDoAluguelSeja(String)&amp#27;[0m
    &amp#27;[32mWhen &amp#27;[0m&amp#27;[32malugar&amp#27;[0m                                                 &amp#27;[90m# AlugarFilmeSteps.alugar()&amp#27;[0m
    &amp#27;[32mThen &amp#27;[0m&amp#27;[32mo preço do aluguel será R$&amp#27;[0m&amp#27;[32m&amp#27;[1m4&amp#27;[0m                            &amp#27;[90m# AlugarFilmeSteps.oPreçoDoAluguelSeráR$(int)&amp#27;[0m
    &amp#27;[32mAnd &amp#27;[0m&amp#27;[32ma data de entrega será em &amp#27;[0m&amp#27;[32m&amp#27;[1m1&amp#27;[0m&amp#27;[32m dias&amp#27;[0m                        &amp#27;[90m# AlugarFilmeSteps.aDataDeEntregaSeraEmDias(int)&amp#27;[0m
    &amp#27;[32mAnd &amp#27;[0m&amp#27;[32ma pontuação será de &amp#27;[0m&amp#27;[32m&amp#27;[1m1&amp#27;[0m&amp#27;[32m pontos&amp#27;[0m                            &amp#27;[90m# AlugarFilmeSteps.aPontuacaoSeraDePontos(int)&amp#27;[0m
]]></system-out>
  </testcase>
  <testcase name="Deve dar condiçoes conforme tipo de aluguel" classname="Alugar Filme" time="0.01">
    <system-out><![CDATA[
  @unitários
  Scenario Outline: Deve dar condiçoes conforme tipo de aluguel &amp#27;[90m# src/test/resources/features/alugar_filme.feature:37&amp#27;[0m
    &amp#27;[32mGiven &amp#27;[0m&amp#27;[32mum filme com estoque de &amp#27;[0m&amp#27;[32m&amp#27;[1m2&amp#27;[0m&amp#27;[32m unidades&amp#27;[0m                    &amp#27;[90m# AlugarFilmeSteps.umFilmeComEstoqueDeUnidades(int)&amp#27;[0m
    &amp#27;[32mAnd &amp#27;[0m&amp#27;[32mque o preço do aluguel seja R$&amp#27;[0m&amp#27;[32m&amp#27;[1m10&amp#27;[0m                        &amp#27;[90m# AlugarFilmeSteps.queOPreçoDoAluguelSejaR$(int)&amp#27;[0m
    &amp#27;[32mAnd &amp#27;[0m&amp#27;[32mque o tipo do aluguel seja &amp#27;[0m&amp#27;[32m&amp#27;[1mextendido&amp#27;[0m                    &amp#27;[90m# AlugarFilmeSteps.queOTipoDoAluguelSeja(String)&amp#27;[0m
    &amp#27;[32mWhen &amp#27;[0m&amp#27;[32malugar&amp#27;[0m                                                 &amp#27;[90m# AlugarFilmeSteps.alugar()&amp#27;[0m
    &amp#27;[32mThen &amp#27;[0m&amp#27;[32mo preço do aluguel será R$&amp#27;[0m&amp#27;[32m&amp#27;[1m20&amp#27;[0m                           &amp#27;[90m# AlugarFilmeSteps.oPreçoDoAluguelSeráR$(int)&amp#27;[0m
    &amp#27;[32mAnd &amp#27;[0m&amp#27;[32ma data de entrega será em &amp#27;[0m&amp#27;[32m&amp#27;[1m3&amp#27;[0m&amp#27;[32m dias&amp#27;[0m                        &amp#27;[90m# AlugarFilmeSteps.aDataDeEntregaSeraEmDias(int)&amp#27;[0m
    &amp#27;[32mAnd &amp#27;[0m&amp#27;[32ma pontuação será de &amp#27;[0m&amp#27;[32m&amp#27;[1m2&amp#27;[0m&amp#27;[32m pontos&amp#27;[0m                            &amp#27;[90m# AlugarFilmeSteps.aPontuacaoSeraDePontos(int)&amp#27;[0m
]]></system-out>
  </testcase>
  <testcase name="Deve dar condiçoes conforme tipo de aluguel" classname="Alugar Filme" time="0.009">
    <system-out><![CDATA[
  @unitários
  Scenario Outline: Deve dar condiçoes conforme tipo de aluguel &amp#27;[90m# src/test/resources/features/alugar_filme.feature:38&amp#27;[0m
    &amp#27;[32mGiven &amp#27;[0m&amp#27;[32mum filme com estoque de &amp#27;[0m&amp#27;[32m&amp#27;[1m2&amp#27;[0m&amp#27;[32m unidades&amp#27;[0m                    &amp#27;[90m# AlugarFilmeSteps.umFilmeComEstoqueDeUnidades(int)&amp#27;[0m
    &amp#27;[32mAnd &amp#27;[0m&amp#27;[32mque o preço do aluguel seja R$&amp#27;[0m&amp#27;[32m&amp#27;[1m5&amp#27;[0m                         &amp#27;[90m# AlugarFilmeSteps.queOPreçoDoAluguelSejaR$(int)&amp#27;[0m
    &amp#27;[32mAnd &amp#27;[0m&amp#27;[32mque o tipo do aluguel seja &amp#27;[0m&amp#27;[32m&amp#27;[1msemanal&amp#27;[0m                      &amp#27;[90m# AlugarFilmeSteps.queOTipoDoAluguelSeja(String)&amp#27;[0m
    &amp#27;[32mWhen &amp#27;[0m&amp#27;[32malugar&amp#27;[0m                                                 &amp#27;[90m# AlugarFilmeSteps.alugar()&amp#27;[0m
    &amp#27;[32mThen &amp#27;[0m&amp#27;[32mo preço do aluguel será R$&amp#27;[0m&amp#27;[32m&amp#27;[1m15&amp#27;[0m                           &amp#27;[90m# AlugarFilmeSteps.oPreçoDoAluguelSeráR$(int)&amp#27;[0m
    &amp#27;[32mAnd &amp#27;[0m&amp#27;[32ma data de entrega será em &amp#27;[0m&amp#27;[32m&amp#27;[1m7&amp#27;[0m&amp#27;[32m dias&amp#27;[0m                        &amp#27;[90m# AlugarFilmeSteps.aDataDeEntregaSeraEmDias(int)&amp#27;[0m
    &amp#27;[32mAnd &amp#27;[0m&amp#27;[32ma pontuação será de &amp#27;[0m&amp#27;[32m&amp#27;[1m3&amp#27;[0m&amp#27;[32m pontos&amp#27;[0m                            &amp#27;[90m# AlugarFilmeSteps.aPontuacaoSeraDePontos(int)&amp#27;[0m
]]></system-out>
  </testcase>
  <testcase name="Deve executar especificação" classname="Aprender Cumcuber" time="0.008">
    <system-out><![CDATA[
@unitários
Feature: Aprender Cumcuber
	Como um aluno
	Eu quero aprender a utilizar Cucumber
	Para que eu possa automatizar critérios de aceitação

  @unitários
  Scenario: Deve executar especificação             &amp#27;[90m# src/test/resources/features/aprender_cucumber.feature:7&amp#27;[0m
Arquivo criado corretamente.
    &amp#27;[32mGiven &amp#27;[0m&amp#27;[32mque criei o arquivo corretamente&amp#27;[0m          &amp#27;[90m# AprenderCucumberSteps.que_criei_o_arquivo_corretamente()&amp#27;[0m
Execução do arquivo.
    &amp#27;[32mWhen &amp#27;[0m&amp#27;[32mexecuta-lo&amp#27;[0m                                 &amp#27;[90m# AprenderCucumberSteps.executa_lo()&amp#27;[0m
Especificação finalizada com sucesso.
    &amp#27;[32mThen &amp#27;[0m&amp#27;[32ma especificação deve finalizar com sucesso&amp#27;[0m &amp#27;[90m# AprenderCucumberSteps.a_especificação_deve_finalizar_com_sucesso()&amp#27;[0m
]]></system-out>
  </testcase>
  <testcase name="Deve incrementar contador" classname="Aprender Cumcuber" time="0.007">
    <system-out><![CDATA[
  @unitários
  Scenario: Deve incrementar contador  &amp#27;[90m# src/test/resources/features/aprender_cucumber.feature:12&amp#27;[0m
    &amp#27;[32mGiven &amp#27;[0m&amp#27;[32mque o valor do contador é &amp#27;[0m&amp#27;[32m&amp#27;[1m15&amp#27;[0m &amp#27;[90m# AprenderCucumberSteps.que_o_valor_do_contador_é(int)&amp#27;[0m
    &amp#27;[32mWhen &amp#27;[0m&amp#27;[32meu incrementar em &amp#27;[0m&amp#27;[32m&amp#27;[1m3&amp#27;[0m           &amp#27;[90m# AprenderCucumberSteps.eu_incrementar_em(int)&amp#27;[0m
    &amp#27;[32mThen &amp#27;[0m&amp#27;[32mo valor será &amp#27;[0m&amp#27;[32m&amp#27;[1m18&amp#27;[0m               &amp#27;[90m# AprenderCucumberSteps.o_valor_será(int)&amp#27;[0m
]]></system-out>
  </testcase>
  <testcase name="Deve incrementar contador" classname="Aprender Cumcuber" time="0.007">
    <system-out><![CDATA[
  @unitários
  Scenario: Deve incrementar contador   &amp#27;[90m# src/test/resources/features/aprender_cucumber.feature:17&amp#27;[0m
    &amp#27;[32mGiven &amp#27;[0m&amp#27;[32mque o valor do contador é &amp#27;[0m&amp#27;[32m&amp#27;[1m123&amp#27;[0m &amp#27;[90m# AprenderCucumberSteps.que_o_valor_do_contador_é(int)&amp#27;[0m
    &amp#27;[32mWhen &amp#27;[0m&amp#27;[32meu incrementar em &amp#27;[0m&amp#27;[32m&amp#27;[1m35&amp#27;[0m           &amp#27;[90m# AprenderCucumberSteps.eu_incrementar_em(int)&amp#27;[0m
    &amp#27;[32mThen &amp#27;[0m&amp#27;[32mo valor será &amp#27;[0m&amp#27;[32m&amp#27;[1m158&amp#27;[0m               &amp#27;[90m# AprenderCucumberSteps.o_valor_será(int)&amp#27;[0m
]]></system-out>
  </testcase>
  <testcase name="Deve calcular atraso na entrega" classname="Aprender Cumcuber" time="0.024">
    <system-out><![CDATA[
  @unitários
  Scenario: Deve calcular atraso na entrega    &amp#27;[90m# src/test/resources/features/aprender_cucumber.feature:23&amp#27;[0m
Thu Apr 05 00:00:00 BRT 2018
    &amp#27;[32mGiven &amp#27;[0m&amp#27;[32mque a entrega é dia &amp#27;[0m&amp#27;[32m&amp#27;[1m05/04/2018&amp#27;[0m       &amp#27;[90m# AprenderCucumberSteps.que_a_entrega_é_dia(Date)&amp#27;[0m
    &amp#27;[32mWhen &amp#27;[0m&amp#27;[32ma entrega atrasar em &amp#27;[0m&amp#27;[32m&amp#27;[1m2&amp#27;[0m&amp#27;[32m &amp#27;[0m&amp#27;[32m&amp#27;[1mdias&amp#27;[0m           &amp#27;[90m# AprenderCucumberSteps.a_entrega_atrasar_em_dias(int,String)&amp#27;[0m
    &amp#27;[32mThen &amp#27;[0m&amp#27;[32ma entrega será efetuada em &amp#27;[0m&amp#27;[32m&amp#27;[1m07&amp#27;[0m&amp#27;[32m/&amp#27;[0m&amp#27;[32m&amp#27;[1m04&amp#27;[0m&amp#27;[32m/&amp#27;[0m&amp#27;[32m&amp#27;[1m2018&amp#27;[0m &amp#27;[90m# AprenderCucumberSteps.a_entrega_será_efetuada_em(int,int,int)&amp#27;[0m
]]></system-out>
  </testcase>
  <testcase name="Deve calcular atraso na entrega" classname="Aprender Cumcuber" time="0.006">
    <system-out><![CDATA[
  @unitários
  Scenario: Deve calcular atraso na entrega    &amp#27;[90m# src/test/resources/features/aprender_cucumber.feature:28&amp#27;[0m
Thu Apr 05 00:00:00 BRT 2018
    &amp#27;[32mGiven &amp#27;[0m&amp#27;[32mque a entrega é dia &amp#27;[0m&amp#27;[32m&amp#27;[1m05/04/2018&amp#27;[0m       &amp#27;[90m# AprenderCucumberSteps.que_a_entrega_é_dia(Date)&amp#27;[0m
    &amp#27;[32mWhen &amp#27;[0m&amp#27;[32ma entrega atrasar em &amp#27;[0m&amp#27;[32m&amp#27;[1m2&amp#27;[0m&amp#27;[32m &amp#27;[0m&amp#27;[32m&amp#27;[1mmeses&amp#27;[0m          &amp#27;[90m# AprenderCucumberSteps.a_entrega_atrasar_em_dias(int,String)&amp#27;[0m
    &amp#27;[32mThen &amp#27;[0m&amp#27;[32ma entrega será efetuada em &amp#27;[0m&amp#27;[32m&amp#27;[1m05&amp#27;[0m&amp#27;[32m/&amp#27;[0m&amp#27;[32m&amp#27;[1m06&amp#27;[0m&amp#27;[32m/&amp#27;[0m&amp#27;[32m&amp#27;[1m2018&amp#27;[0m &amp#27;[90m# AprenderCucumberSteps.a_entrega_será_efetuada_em(int,int,int)&amp#27;[0m
]]></system-out>
  </testcase>
  <testcase name="Deve criar steps genéricos para estes passos" classname="Aprender Cumcuber" time="0.013">
    <system-out><![CDATA[
  @unitários
  Scenario: Deve criar steps genéricos para estes passos &amp#27;[90m# src/test/resources/features/aprender_cucumber.feature:33&amp#27;[0m
    &amp#27;[32mGiven &amp#27;[0m&amp#27;[32mque o ticket é &amp#27;[0m&amp#27;[32m&amp#27;[1mAF345&amp#27;[0m                           &amp#27;[90m# AprenderCucumberSteps.que_o_ticket_e(String,String)&amp#27;[0m
Valor da passagem: R$ 23045.0
    &amp#27;[32mAnd &amp#27;[0m&amp#27;[32mque o valor da passagem é R$ &amp#27;[0m&amp#27;[32m&amp#27;[1m230,45&amp#27;[0m              &amp#27;[90m# AprenderCucumberSteps.que_o_valor_da_passagem_e_r$(Double)&amp#27;[0m
Nome do passageiro: Fulano da Silva
    &amp#27;[32mAnd &amp#27;[0m&amp#27;[32mque o nome do passageiro é "&amp#27;[0m&amp#27;[32m&amp#27;[1mFulano da Silva&amp#27;[0m&amp#27;[32m"&amp#27;[0m     &amp#27;[90m# AprenderCucumberSteps.que_o_nome_do_passageiro_e(String)&amp#27;[0m
Telefone do passageiro: 9999-9999
    &amp#27;[32mAnd &amp#27;[0m&amp#27;[32mque o telefone do passageiro é &amp#27;[0m&amp#27;[32m&amp#27;[1m9999&amp#27;[0m&amp#27;[32m-&amp#27;[0m&amp#27;[32m&amp#27;[1m9999&amp#27;[0m         &amp#27;[90m# AprenderCucumberSteps.que_o_telefone_do_passageiro_e(Integer,Integer)&amp#27;[0m
Criando os steps...
    &amp#27;[32mWhen &amp#27;[0m&amp#27;[32mcriar os steps&amp#27;[0m                                  &amp#27;[90m# AprenderCucumberSteps.criar_os_steps()&amp#27;[0m
Teste funcionando!
    &amp#27;[32mThen &amp#27;[0m&amp#27;[32mo teste vai funcionar&amp#27;[0m                           &amp#27;[90m# AprenderCucumberSteps.o_teste_vai_funcionar()&amp#27;[0m
]]></system-out>
  </testcase>
  <testcase name="Deve reaproveitar os steps &quot;Dado&quot; do cenário anterior" classname="Aprender Cumcuber" time="0.009">
    <system-out><![CDATA[
  @unitários
  Scenario: Deve reaproveitar os steps "Dado" do cenário anterior &amp#27;[90m# src/test/resources/features/aprender_cucumber.feature:41&amp#27;[0m
    &amp#27;[32mGiven &amp#27;[0m&amp#27;[32mque o ticket é &amp#27;[0m&amp#27;[32m&amp#27;[1mAB167&amp#27;[0m                                    &amp#27;[90m# AprenderCucumberSteps.que_o_ticket_e(String,String)&amp#27;[0m
    &amp#27;[32mAnd &amp#27;[0m&amp#27;[32mque o ticket&amp#27;[0m&amp#27;[32m&amp#27;[1m especial&amp#27;[0m&amp#27;[32m é &amp#27;[0m&amp#27;[32m&amp#27;[1mAB167&amp#27;[0m                             &amp#27;[90m# AprenderCucumberSteps.que_o_ticket_e(String,String)&amp#27;[0m
Valor da passagem: R$ 112023.0
    &amp#27;[32mAnd &amp#27;[0m&amp#27;[32mque o valor da passagem é R$ &amp#27;[0m&amp#27;[32m&amp#27;[1m1120,23&amp#27;[0m                      &amp#27;[90m# AprenderCucumberSteps.que_o_valor_da_passagem_e_r$(Double)&amp#27;[0m
Nome do passageiro: Cicrano de Oliveira
    &amp#27;[32mAnd &amp#27;[0m&amp#27;[32mque o nome do passageiro é "&amp#27;[0m&amp#27;[32m&amp#27;[1mCicrano de Oliveira&amp#27;[0m&amp#27;[32m"&amp#27;[0m          &amp#27;[90m# AprenderCucumberSteps.que_o_nome_do_passageiro_e(String)&amp#27;[0m
Telefone do passageiro: 9888-8888
    &amp#27;[32mAnd &amp#27;[0m&amp#27;[32mque o telefone do passageiro é &amp#27;[0m&amp#27;[32m&amp#27;[1m9888&amp#27;[0m&amp#27;[32m-&amp#27;[0m&amp#27;[32m&amp#27;[1m8888&amp#27;[0m                  &amp#27;[90m# AprenderCucumberSteps.que_o_telefone_do_passageiro_e(Integer,Integer)&amp#27;[0m
]]></system-out>
  </testcase>
</testsuite>